<?xml version="1.0" encoding="UTF-8"?>
<testng-results ignored="0" total="0" passed="0" failed="0" skipped="0">
  <reporter-output>
  </reporter-output>
  <suite started-at="2023-10-14T09:02:22Z" name="stepDefs.TestRunner" finished-at="2023-10-14T09:02:22Z" duration-ms="37">
    <groups>
    </groups>
    <test started-at="2023-10-14T09:02:22Z" name="Command line test" finished-at="2023-10-14T09:02:22Z" duration-ms="37">
    </test> <!-- Command line test -->
  </suite> <!-- stepDefs.TestRunner -->
</testng-results>
